<?xml version="1.0" encoding="utf-8"?><testsuites name="pytest tests"><testsuite name="pytest" errors="0" failures="0" skipped="0" tests="13" time="35.410" timestamp="2026-05-07T22:00:14.360870+00:00" hostname="agent-env-065e25b3-f4a2-4f68-93be-9dcbe056f19b"><testcase classname="backend.tests.test_memento_api" name="test_root" time="0.221" /><testcase classname="backend.tests.test_memento_api" name="test_auth_me_unauthenticated" time="0.063" /><testcase classname="backend.tests.test_memento_api" name="test_auth_session_bogus" time="0.203" /><testcase classname="backend.tests.test_memento_api" name="test_auth_logout_idempotent" time="0.062" /><testcase classname="backend.tests.test_memento_api" name="test_auth_me_with_seeded_session" time="1.819" /><testcase classname="backend.tests.test_memento_api" name="test_trips_list_guest_empty" time="0.056" /><testcase classname="backend.tests.test_memento_api" name="test_generate_trip_status" time="32.079" /><testcase classname="backend.tests.test_memento_api" name="test_generate_trip_schema" time="0.000" /><testcase classname="backend.tests.test_memento_api" name="test_trips_list_after_generate" time="0.067" /><testcase classname="backend.tests.test_memento_api" name="test_get_trip_by_id_success" time="0.057" /><testcase classname="backend.tests.test_memento_api" name="test_get_trip_wrong_guest_id" time="0.064" /><testcase classname="backend.tests.test_memento_api" name="test_get_trip_non_existent" time="0.058" /><testcase classname="backend.tests.test_memento_api" name="test_delete_trip" time="0.490" /></testsuite></testsuites>